[2021-04-01 08:21:55.746] [exthost] [info] extension host started
[2021-04-01 08:21:56.105] [exthost] [info] ExtensionService#_doActivateExtension vscode.configuration-editing {"startup":false,"extensionId":{"value":"vscode.configuration-editing","_lower":"vscode.configuration-editing"},"activationEvent":"onLanguage:jsonc"}
[2021-04-01 08:21:56.105] [exthost] [info] ExtensionService#loadCommonJSModule file:///home/rob/.vscode-server/bin/fd6f3bce6709b121a895d042d343d71f317d74e7/extensions/configuration-editing/dist/configurationEditingMain
[2021-04-01 08:21:56.123] [exthost] [info] ExtensionService#_doActivateExtension vscode.json-language-features {"startup":false,"extensionId":{"value":"vscode.json-language-features","_lower":"vscode.json-language-features"},"activationEvent":"onLanguage:jsonc"}
[2021-04-01 08:21:56.125] [exthost] [info] ExtensionService#loadCommonJSModule file:///home/rob/.vscode-server/bin/fd6f3bce6709b121a895d042d343d71f317d74e7/extensions/json-language-features/client/dist/node/jsonClientMain
[2021-04-01 08:21:56.200] [exthost] [info] ExtensionService#_doActivateExtension vscode.typescript-language-features {"startup":false,"extensionId":{"value":"vscode.typescript-language-features","_lower":"vscode.typescript-language-features"},"activationEvent":"onLanguage:jsonc"}
[2021-04-01 08:21:56.201] [exthost] [info] ExtensionService#loadCommonJSModule file:///home/rob/.vscode-server/bin/fd6f3bce6709b121a895d042d343d71f317d74e7/extensions/typescript-language-features/dist/extension
[2021-04-01 08:21:56.234] [exthost] [info] ExtensionService#_doActivateExtension vscode.debug-auto-launch {"startup":true,"extensionId":{"value":"vscode.debug-auto-launch","_lower":"vscode.debug-auto-launch"},"activationEvent":"*"}
[2021-04-01 08:21:56.234] [exthost] [info] ExtensionService#loadCommonJSModule file:///home/rob/.vscode-server/bin/fd6f3bce6709b121a895d042d343d71f317d74e7/extensions/debug-auto-launch/dist/extension
[2021-04-01 08:21:56.241] [exthost] [info] ExtensionService#_doActivateExtension vscode.git {"startup":true,"extensionId":{"value":"vscode.github","_lower":"vscode.github"},"activationEvent":"*"}
[2021-04-01 08:21:56.241] [exthost] [info] ExtensionService#loadCommonJSModule file:///home/rob/.vscode-server/bin/fd6f3bce6709b121a895d042d343d71f317d74e7/extensions/git/dist/main
[2021-04-01 08:21:56.593] [exthost] [info] ExtensionService#_doActivateExtension vscode.github {"startup":true,"extensionId":{"value":"vscode.github","_lower":"vscode.github"},"activationEvent":"*"}
[2021-04-01 08:21:56.593] [exthost] [info] ExtensionService#loadCommonJSModule file:///home/rob/.vscode-server/bin/fd6f3bce6709b121a895d042d343d71f317d74e7/extensions/github/dist/extension.js
[2021-04-01 08:21:56.755] [exthost] [info] ExtensionService#_doActivateExtension vscode.emmet {"startup":false,"extensionId":{"value":"vscode.emmet","_lower":"vscode.emmet"},"activationEvent":"onStartupFinished"}
[2021-04-01 08:21:56.755] [exthost] [info] ExtensionService#loadCommonJSModule file:///home/rob/.vscode-server/bin/fd6f3bce6709b121a895d042d343d71f317d74e7/extensions/emmet/dist/node/emmetNodeMain
[2021-04-01 08:21:56.775] [exthost] [info] ExtensionService#_doActivateExtension vscode.merge-conflict {"startup":false,"extensionId":{"value":"vscode.merge-conflict","_lower":"vscode.merge-conflict"},"activationEvent":"onStartupFinished"}
[2021-04-01 08:21:56.775] [exthost] [info] ExtensionService#loadCommonJSModule file:///home/rob/.vscode-server/bin/fd6f3bce6709b121a895d042d343d71f317d74e7/extensions/merge-conflict/dist/mergeConflictMain
[2021-04-01 08:21:56.783] [exthost] [info] ExtensionService#_doActivateExtension vscode.testing-editor-contributions {"startup":false,"extensionId":{"value":"vscode.testing-editor-contributions","_lower":"vscode.testing-editor-contributions"},"activationEvent":"onStartupFinished"}
[2021-04-01 08:21:56.783] [exthost] [info] ExtensionService#loadCommonJSModule file:///home/rob/.vscode-server/bin/fd6f3bce6709b121a895d042d343d71f317d74e7/extensions/testing-editor-contributions/dist/extension.js
[2021-04-01 08:21:56.785] [exthost] [info] eager extensions activated
[2021-04-01 08:21:56.790] [exthost] [info] ExtensionService#_doActivateExtension ms-vscode.js-debug {"startup":false,"extensionId":{"value":"ms-vscode.js-debug","_lower":"ms-vscode.js-debug"},"activationEvent":"onCommand:extension.js-debug.clearAutoAttachVariables"}
[2021-04-01 08:21:56.790] [exthost] [info] ExtensionService#loadCommonJSModule file:///home/rob/.vscode-server/bin/fd6f3bce6709b121a895d042d343d71f317d74e7/extensions/ms-vscode.js-debug/src/extension.js
[2021-04-01 08:22:06.149] [exthost] [info] extension host terminating: received terminate message from renderer
[2021-04-01 08:22:07.162] [exthost] [info] exiting with code 0
