[2021-04-01 08:22:12.763] [exthost] [info] extension host started
[2021-04-01 08:22:13.074] [exthost] [info] ExtensionService#_doActivateExtension vscode.debug-auto-launch {"startup":true,"extensionId":{"value":"vscode.debug-auto-launch","_lower":"vscode.debug-auto-launch"},"activationEvent":"*"}
[2021-04-01 08:22:13.074] [exthost] [info] ExtensionService#loadCommonJSModule file:///home/rob/.vscode-server/bin/fd6f3bce6709b121a895d042d343d71f317d74e7/extensions/debug-auto-launch/dist/extension
[2021-04-01 08:22:13.080] [exthost] [info] ExtensionService#_doActivateExtension vscode.git {"startup":true,"extensionId":{"value":"vscode.github","_lower":"vscode.github"},"activationEvent":"*"}
[2021-04-01 08:22:13.080] [exthost] [info] ExtensionService#loadCommonJSModule file:///home/rob/.vscode-server/bin/fd6f3bce6709b121a895d042d343d71f317d74e7/extensions/git/dist/main
[2021-04-01 08:22:14.586] [exthost] [info] ExtensionService#_doActivateExtension vscode.github {"startup":true,"extensionId":{"value":"vscode.github","_lower":"vscode.github"},"activationEvent":"*"}
[2021-04-01 08:22:14.586] [exthost] [info] ExtensionService#loadCommonJSModule file:///home/rob/.vscode-server/bin/fd6f3bce6709b121a895d042d343d71f317d74e7/extensions/github/dist/extension.js
[2021-04-01 08:22:14.794] [exthost] [info] ExtensionService#_doActivateExtension vscode.emmet {"startup":false,"extensionId":{"value":"vscode.emmet","_lower":"vscode.emmet"},"activationEvent":"onStartupFinished"}
[2021-04-01 08:22:14.794] [exthost] [info] ExtensionService#loadCommonJSModule file:///home/rob/.vscode-server/bin/fd6f3bce6709b121a895d042d343d71f317d74e7/extensions/emmet/dist/node/emmetNodeMain
[2021-04-01 08:22:14.808] [exthost] [info] ExtensionService#_doActivateExtension vscode.merge-conflict {"startup":false,"extensionId":{"value":"vscode.merge-conflict","_lower":"vscode.merge-conflict"},"activationEvent":"onStartupFinished"}
[2021-04-01 08:22:14.808] [exthost] [info] ExtensionService#loadCommonJSModule file:///home/rob/.vscode-server/bin/fd6f3bce6709b121a895d042d343d71f317d74e7/extensions/merge-conflict/dist/mergeConflictMain
[2021-04-01 08:22:14.812] [exthost] [info] ExtensionService#_doActivateExtension vscode.testing-editor-contributions {"startup":false,"extensionId":{"value":"vscode.testing-editor-contributions","_lower":"vscode.testing-editor-contributions"},"activationEvent":"onStartupFinished"}
[2021-04-01 08:22:14.812] [exthost] [info] ExtensionService#loadCommonJSModule file:///home/rob/.vscode-server/bin/fd6f3bce6709b121a895d042d343d71f317d74e7/extensions/testing-editor-contributions/dist/extension.js
[2021-04-01 08:22:14.813] [exthost] [info] eager extensions activated
[2021-04-01 08:22:14.880] [exthost] [warning] [Decorations] CAPPING events from decorations provider vscode.git 1411
[2021-04-01 08:22:14.910] [exthost] [info] ExtensionService#_doActivateExtension ms-vscode.js-debug {"startup":false,"extensionId":{"value":"ms-vscode.js-debug","_lower":"ms-vscode.js-debug"},"activationEvent":"onCommand:extension.js-debug.clearAutoAttachVariables"}
[2021-04-01 08:22:14.911] [exthost] [info] ExtensionService#loadCommonJSModule file:///home/rob/.vscode-server/bin/fd6f3bce6709b121a895d042d343d71f317d74e7/extensions/ms-vscode.js-debug/src/extension.js
[2021-04-01 08:22:15.709] [exthost] [warning] [Decorations] CAPPING events from decorations provider vscode.git 1411
[2021-04-01 08:22:33.943] [exthost] [warning] [Decorations] CAPPING events from decorations provider vscode.git 1411
[2021-04-01 08:22:59.436] [exthost] [warning] [Decorations] CAPPING events from decorations provider vscode.git 1411
[2021-04-01 08:23:07.058] [exthost] [warning] [Decorations] CAPPING events from decorations provider vscode.git 1375
[2021-04-01 08:25:16.001] [exthost] [warning] [Decorations] CAPPING events from decorations provider vscode.git 1375
[2021-04-01 08:28:16.292] [exthost] [warning] [Decorations] CAPPING events from decorations provider vscode.git 1375
[2021-04-01 08:28:18.760] [exthost] [warning] [Decorations] CAPPING events from decorations provider vscode.git 1375
[2021-04-01 08:29:20.956] [exthost] [warning] [Decorations] CAPPING events from decorations provider vscode.git 1375
[2021-04-01 08:31:16.685] [exthost] [warning] [Decorations] CAPPING events from decorations provider vscode.git 1375
[2021-04-01 08:31:19.234] [exthost] [warning] [Decorations] CAPPING events from decorations provider vscode.git 1375
[2021-04-01 08:41:57.471] [exthost] [warning] [Decorations] CAPPING events from decorations provider vscode.git 1375
[2021-04-01 08:41:59.781] [exthost] [warning] [Decorations] CAPPING events from decorations provider vscode.git 1375
[2021-04-01 09:00:04.828] [exthost] [warning] [Decorations] CAPPING events from decorations provider vscode.git 1375
[2021-04-01 09:00:06.990] [exthost] [warning] [Decorations] CAPPING events from decorations provider vscode.git 1375
[2021-04-01 09:02:20.313] [exthost] [warning] [Decorations] CAPPING events from decorations provider vscode.git 1375
[2021-04-01 09:03:05.103] [exthost] [warning] [Decorations] CAPPING events from decorations provider vscode.git 1375
[2021-04-01 09:03:07.397] [exthost] [warning] [Decorations] CAPPING events from decorations provider vscode.git 1375
[2021-04-01 09:04:40.671] [exthost] [warning] [Decorations] CAPPING events from decorations provider vscode.git 1375
[2021-04-01 09:06:05.383] [exthost] [warning] [Decorations] CAPPING events from decorations provider vscode.git 1375
[2021-04-01 09:06:08.534] [exthost] [warning] [Decorations] CAPPING events from decorations provider vscode.git 1375
[2021-04-01 09:23:00.126] [exthost] [warning] [Decorations] CAPPING events from decorations provider vscode.git 1375
[2021-04-01 09:23:02.363] [exthost] [warning] [Decorations] CAPPING events from decorations provider vscode.git 1375
[2021-04-01 09:26:18.304] [exthost] [warning] [Decorations] CAPPING events from decorations provider vscode.git 1375
[2021-04-01 09:26:20.598] [exthost] [warning] [Decorations] CAPPING events from decorations provider vscode.git 1375
[2021-04-01 09:29:26.855] [exthost] [warning] [Decorations] CAPPING events from decorations provider vscode.git 1375
[2021-04-01 09:29:29.117] [exthost] [warning] [Decorations] CAPPING events from decorations provider vscode.git 1375
[2021-04-01 11:28:00.727] [exthost] [warning] [Decorations] CAPPING events from decorations provider vscode.git 1375
[2021-04-01 11:28:03.235] [exthost] [warning] [Decorations] CAPPING events from decorations provider vscode.git 1375
[2021-04-01 13:36:21.862] [exthost] [warning] [Decorations] CAPPING events from decorations provider vscode.git 1375
[2021-04-01 13:36:24.324] [exthost] [warning] [Decorations] CAPPING events from decorations provider vscode.git 1375
[2021-04-01 13:45:05.808] [exthost] [warning] [Decorations] CAPPING events from decorations provider vscode.git 1375
[2021-04-01 13:45:08.155] [exthost] [warning] [Decorations] CAPPING events from decorations provider vscode.git 1375
[2021-04-01 14:40:19.196] [exthost] [warning] [Decorations] CAPPING events from decorations provider vscode.git 1375
[2021-04-01 14:40:21.767] [exthost] [warning] [Decorations] CAPPING events from decorations provider vscode.git 1375
[2021-04-01 14:43:19.494] [exthost] [warning] [Decorations] CAPPING events from decorations provider vscode.git 1375
[2021-04-01 14:43:21.834] [exthost] [warning] [Decorations] CAPPING events from decorations provider vscode.git 1375
[2021-04-01 14:45:19.822] [exthost] [warning] [Decorations] CAPPING events from decorations provider vscode.git 1376
[2021-04-01 14:45:24.911] [exthost] [warning] [Decorations] CAPPING events from decorations provider vscode.git 1376
[2021-04-01 14:46:21.656] [exthost] [warning] [Decorations] CAPPING events from decorations provider vscode.git 1376
[2021-04-01 14:46:24.216] [exthost] [warning] [Decorations] CAPPING events from decorations provider vscode.git 1376
[2021-04-01 14:49:37.527] [exthost] [warning] [Decorations] CAPPING events from decorations provider vscode.git 1376
[2021-04-01 14:49:39.748] [exthost] [warning] [Decorations] CAPPING events from decorations provider vscode.git 1376
[2021-04-01 15:03:48.901] [exthost] [warning] [Decorations] CAPPING events from decorations provider vscode.git 1376
[2021-04-01 15:03:51.420] [exthost] [warning] [Decorations] CAPPING events from decorations provider vscode.git 1376
[2021-04-01 15:04:41.182] [exthost] [warning] [Decorations] CAPPING events from decorations provider vscode.git 1376
[2021-04-01 15:06:49.203] [exthost] [warning] [Decorations] CAPPING events from decorations provider vscode.git 1376
[2021-04-01 15:06:51.431] [exthost] [warning] [Decorations] CAPPING events from decorations provider vscode.git 1376
[2021-04-01 15:10:40.173] [exthost] [warning] [Decorations] CAPPING events from decorations provider vscode.git 1376
[2021-04-01 15:10:42.454] [exthost] [warning] [Decorations] CAPPING events from decorations provider vscode.git 1376
[2021-04-01 15:11:17.323] [exthost] [warning] [Decorations] CAPPING events from decorations provider vscode.git 1376
[2021-04-01 15:12:37.185] [exthost] [info] ExtensionService#_doActivateExtension vscode.html-language-features {"startup":false,"extensionId":{"value":"vscode.html-language-features","_lower":"vscode.html-language-features"},"activationEvent":"onLanguage:html"}
[2021-04-01 15:12:37.187] [exthost] [info] ExtensionService#loadCommonJSModule file:///home/rob/.vscode-server/bin/fd6f3bce6709b121a895d042d343d71f317d74e7/extensions/html-language-features/client/dist/node/htmlClientMain
[2021-04-01 15:13:16.974] [exthost] [warning] [Decorations] CAPPING events from decorations provider vscode.git 1376
[2021-04-01 15:13:44.069] [exthost] [warning] [Decorations] CAPPING events from decorations provider vscode.git 1376
[2021-04-01 15:13:46.287] [exthost] [warning] [Decorations] CAPPING events from decorations provider vscode.git 1376
[2021-04-01 15:16:44.334] [exthost] [warning] [Decorations] CAPPING events from decorations provider vscode.git 1376
[2021-04-01 15:16:46.553] [exthost] [warning] [Decorations] CAPPING events from decorations provider vscode.git 1376
[2021-04-01 15:18:05.528] [exthost] [warning] [Decorations] CAPPING events from decorations provider vscode.git 1376
[2021-04-01 15:30:38.599] [exthost] [warning] [Decorations] CAPPING events from decorations provider vscode.git 1376
[2021-04-01 15:30:40.916] [exthost] [warning] [Decorations] CAPPING events from decorations provider vscode.git 1376
[2021-04-01 15:31:30.520] [exthost] [warning] [Decorations] CAPPING events from decorations provider vscode.git 1376
[2021-04-01 15:32:30.410] [exthost] [warning] [Decorations] CAPPING events from decorations provider vscode.git 1376
[2021-04-01 15:33:46.240] [exthost] [warning] [Decorations] CAPPING events from decorations provider vscode.git 1376
[2021-04-01 15:33:48.534] [exthost] [warning] [Decorations] CAPPING events from decorations provider vscode.git 1376
[2021-04-01 15:34:04.053] [exthost] [warning] [Decorations] CAPPING events from decorations provider vscode.git 1376
[2021-04-01 15:34:09.191] [exthost] [warning] [Decorations] CAPPING events from decorations provider vscode.git 1376
[2021-04-01 15:41:19.433] [exthost] [warning] [Decorations] CAPPING events from decorations provider vscode.git 1376
[2021-04-01 15:41:21.702] [exthost] [warning] [Decorations] CAPPING events from decorations provider vscode.git 1376
[2021-04-01 15:44:05.224] [exthost] [warning] [Decorations] CAPPING events from decorations provider vscode.git 1376
[2021-04-01 15:44:19.705] [exthost] [warning] [Decorations] CAPPING events from decorations provider vscode.git 1376
[2021-04-01 15:44:21.912] [exthost] [warning] [Decorations] CAPPING events from decorations provider vscode.git 1376
[2021-04-01 15:44:36.745] [exthost] [warning] [Decorations] CAPPING events from decorations provider vscode.git 1376
[2021-04-01 15:44:41.841] [exthost] [warning] [Decorations] CAPPING events from decorations provider vscode.git 1376
[2021-04-01 15:47:10.650] [exthost] [warning] [Decorations] CAPPING events from decorations provider vscode.git 1376
[2021-04-01 15:47:20.002] [exthost] [warning] [Decorations] CAPPING events from decorations provider vscode.git 1376
[2021-04-01 15:47:22.234] [exthost] [warning] [Decorations] CAPPING events from decorations provider vscode.git 1376
[2021-04-01 15:47:34.566] [exthost] [warning] [Decorations] CAPPING events from decorations provider vscode.git 1376
[2021-04-01 15:47:39.648] [exthost] [warning] [Decorations] CAPPING events from decorations provider vscode.git 1376
[2021-04-01 15:48:05.343] [exthost] [warning] [Decorations] CAPPING events from decorations provider vscode.git 1376
[2021-04-01 15:48:10.423] [exthost] [warning] [Decorations] CAPPING events from decorations provider vscode.git 1376
[2021-04-01 15:49:28.952] [exthost] [warning] [Decorations] CAPPING events from decorations provider vscode.git 1376
[2021-04-01 15:50:20.607] [exthost] [warning] [Decorations] CAPPING events from decorations provider vscode.git 1376
[2021-04-01 15:50:22.824] [exthost] [warning] [Decorations] CAPPING events from decorations provider vscode.git 1376
[2021-04-01 15:50:27.911] [exthost] [warning] [Decorations] CAPPING events from decorations provider vscode.git 1376
[2021-04-01 15:50:33.010] [exthost] [warning] [Decorations] CAPPING events from decorations provider vscode.git 1376
[2021-04-01 15:51:40.754] [exthost] [warning] [Decorations] CAPPING events from decorations provider vscode.git 1376
[2021-04-01 15:52:32.343] [exthost] [warning] [Decorations] CAPPING events from decorations provider vscode.git 1376
[2021-04-01 15:52:39.061] [exthost] [warning] [Decorations] CAPPING events from decorations provider vscode.git 1376
[2021-04-01 15:52:58.777] [exthost] [warning] [Decorations] CAPPING events from decorations provider vscode.git 1376
[2021-04-01 15:53:20.899] [exthost] [warning] [Decorations] CAPPING events from decorations provider vscode.git 1376
[2021-04-01 15:53:23.118] [exthost] [warning] [Decorations] CAPPING events from decorations provider vscode.git 1376
[2021-04-01 15:53:42.256] [exthost] [warning] [Decorations] CAPPING events from decorations provider vscode.git 1376
[2021-04-01 15:54:07.452] [exthost] [warning] [Decorations] CAPPING events from decorations provider vscode.git 1376
[2021-04-01 15:54:12.547] [exthost] [warning] [Decorations] CAPPING events from decorations provider vscode.git 1376
[2021-04-01 15:54:55.234] [exthost] [warning] [Decorations] CAPPING events from decorations provider vscode.git 1376
[2021-04-01 15:55:01.124] [exthost] [warning] [Decorations] CAPPING events from decorations provider vscode.git 1376
[2021-04-01 15:55:44.879] [exthost] [warning] [Decorations] CAPPING events from decorations provider vscode.git 1376
[2021-04-01 15:56:29.370] [exthost] [warning] [Decorations] CAPPING events from decorations provider vscode.git 1376
[2021-04-01 15:56:31.638] [exthost] [warning] [Decorations] CAPPING events from decorations provider vscode.git 1376
[2021-04-01 15:56:54.977] [exthost] [warning] [Decorations] CAPPING events from decorations provider vscode.git 1376
[2021-04-01 15:59:29.642] [exthost] [warning] [Decorations] CAPPING events from decorations provider vscode.git 1376
[2021-04-01 15:59:31.854] [exthost] [warning] [Decorations] CAPPING events from decorations provider vscode.git 1376
[2021-04-01 15:59:36.943] [exthost] [warning] [Decorations] CAPPING events from decorations provider vscode.git 1376
[2021-04-01 16:02:30.367] [exthost] [warning] [Decorations] CAPPING events from decorations provider vscode.git 1376
[2021-04-01 16:02:32.613] [exthost] [warning] [Decorations] CAPPING events from decorations provider vscode.git 1376
[2021-04-01 16:05:30.801] [exthost] [warning] [Decorations] CAPPING events from decorations provider vscode.git 1376
[2021-04-01 16:05:33.455] [exthost] [warning] [Decorations] CAPPING events from decorations provider vscode.git 1376
[2021-04-01 16:08:31.085] [exthost] [warning] [Decorations] CAPPING events from decorations provider vscode.git 1376
[2021-04-01 16:08:33.306] [exthost] [warning] [Decorations] CAPPING events from decorations provider vscode.git 1376
[2021-04-01 16:11:31.369] [exthost] [warning] [Decorations] CAPPING events from decorations provider vscode.git 1376
[2021-04-01 16:11:33.589] [exthost] [warning] [Decorations] CAPPING events from decorations provider vscode.git 1376
[2021-04-01 16:14:31.721] [exthost] [warning] [Decorations] CAPPING events from decorations provider vscode.git 1376
[2021-04-01 16:14:34.416] [exthost] [warning] [Decorations] CAPPING events from decorations provider vscode.git 1376
[2021-04-01 16:17:32.057] [exthost] [warning] [Decorations] CAPPING events from decorations provider vscode.git 1376
[2021-04-01 16:17:34.264] [exthost] [warning] [Decorations] CAPPING events from decorations provider vscode.git 1376
[2021-04-01 16:20:32.351] [exthost] [warning] [Decorations] CAPPING events from decorations provider vscode.git 1376
[2021-04-01 16:20:34.555] [exthost] [warning] [Decorations] CAPPING events from decorations provider vscode.git 1376
[2021-04-01 16:22:18.562] [exthost] [warning] [Decorations] CAPPING events from decorations provider vscode.git 1376
[2021-04-01 16:23:01.311] [exthost] [warning] [Decorations] CAPPING events from decorations provider vscode.git 1376
[2021-04-01 16:23:21.063] [exthost] [warning] [Decorations] CAPPING events from decorations provider vscode.git 1376
[2021-04-01 16:23:32.625] [exthost] [warning] [Decorations] CAPPING events from decorations provider vscode.git 1376
[2021-04-01 16:23:34.853] [exthost] [warning] [Decorations] CAPPING events from decorations provider vscode.git 1376
[2021-04-01 16:24:08.274] [exthost] [warning] [Decorations] CAPPING events from decorations provider vscode.git 1376
[2021-04-01 16:24:21.635] [exthost] [warning] [Decorations] CAPPING events from decorations provider vscode.git 1376
[2021-04-01 16:25:04.768] [exthost] [warning] [Decorations] CAPPING events from decorations provider vscode.git 1376
[2021-04-01 16:25:11.917] [exthost] [warning] [Decorations] CAPPING events from decorations provider vscode.git 1376
[2021-04-01 16:26:32.928] [exthost] [warning] [Decorations] CAPPING events from decorations provider vscode.git 1376
[2021-04-01 16:26:35.173] [exthost] [warning] [Decorations] CAPPING events from decorations provider vscode.git 1376
[2021-04-01 16:27:09.841] [exthost] [warning] [Decorations] CAPPING events from decorations provider vscode.git 1376
[2021-04-01 16:29:33.215] [exthost] [warning] [Decorations] CAPPING events from decorations provider vscode.git 1376
[2021-04-01 16:29:35.493] [exthost] [warning] [Decorations] CAPPING events from decorations provider vscode.git 1376
[2021-04-01 16:32:33.490] [exthost] [warning] [Decorations] CAPPING events from decorations provider vscode.git 1376
[2021-04-01 16:32:35.793] [exthost] [warning] [Decorations] CAPPING events from decorations provider vscode.git 1376
[2021-04-01 16:35:36.071] [exthost] [warning] [Decorations] CAPPING events from decorations provider vscode.git 1376
[2021-04-01 16:35:38.304] [exthost] [warning] [Decorations] CAPPING events from decorations provider vscode.git 1376
[2021-04-01 16:38:36.347] [exthost] [warning] [Decorations] CAPPING events from decorations provider vscode.git 1376
[2021-04-01 16:38:38.557] [exthost] [warning] [Decorations] CAPPING events from decorations provider vscode.git 1376
[2021-04-01 16:41:36.653] [exthost] [warning] [Decorations] CAPPING events from decorations provider vscode.git 1376
[2021-04-01 16:41:38.855] [exthost] [warning] [Decorations] CAPPING events from decorations provider vscode.git 1376
[2021-04-01 16:44:36.948] [exthost] [warning] [Decorations] CAPPING events from decorations provider vscode.git 1376
[2021-04-01 16:44:39.165] [exthost] [warning] [Decorations] CAPPING events from decorations provider vscode.git 1376
[2021-04-01 16:47:37.228] [exthost] [warning] [Decorations] CAPPING events from decorations provider vscode.git 1376
[2021-04-01 16:47:39.435] [exthost] [warning] [Decorations] CAPPING events from decorations provider vscode.git 1376
[2021-04-01 16:50:37.508] [exthost] [warning] [Decorations] CAPPING events from decorations provider vscode.git 1376
[2021-04-01 16:50:39.703] [exthost] [warning] [Decorations] CAPPING events from decorations provider vscode.git 1376
[2021-04-01 16:53:37.994] [exthost] [warning] [Decorations] CAPPING events from decorations provider vscode.git 1376
[2021-04-01 16:53:40.247] [exthost] [warning] [Decorations] CAPPING events from decorations provider vscode.git 1376
[2021-04-01 19:33:44.601] [exthost] [warning] [Decorations] CAPPING events from decorations provider vscode.git 1376
[2021-04-01 19:33:47.175] [exthost] [warning] [Decorations] CAPPING events from decorations provider vscode.git 1376
[2021-04-01 19:35:38.463] [exthost] [warning] [Decorations] CAPPING events from decorations provider vscode.git 1376
[2021-04-01 19:37:15.769] [exthost] [warning] [Decorations] CAPPING events from decorations provider vscode.git 1376
[2021-04-01 19:37:18.067] [exthost] [warning] [Decorations] CAPPING events from decorations provider vscode.git 1376
[2021-04-01 20:42:21.506] [exthost] [warning] [Decorations] CAPPING events from decorations provider vscode.git 1376
[2021-04-01 20:42:23.729] [exthost] [warning] [Decorations] CAPPING events from decorations provider vscode.git 1376
[2021-04-01 20:45:21.802] [exthost] [warning] [Decorations] CAPPING events from decorations provider vscode.git 1376
[2021-04-01 20:45:24.192] [exthost] [warning] [Decorations] CAPPING events from decorations provider vscode.git 1376
[2021-04-01 20:48:23.368] [exthost] [warning] [Decorations] CAPPING events from decorations provider vscode.git 1376
[2021-04-01 20:48:24.459] [exthost] [warning] [Decorations] CAPPING events from decorations provider vscode.git 1376
[2021-04-01 20:48:29.559] [exthost] [warning] [Decorations] CAPPING events from decorations provider vscode.git 1376
[2021-04-01 20:48:48.613] [exthost] [warning] [Decorations] CAPPING events from decorations provider vscode.git 1376
[2021-04-01 20:51:01.643] [exthost] [warning] [Decorations] CAPPING events from decorations provider vscode.git 1376
[2021-04-01 20:51:23.650] [exthost] [warning] [Decorations] CAPPING events from decorations provider vscode.git 1376
[2021-04-01 20:51:25.946] [exthost] [warning] [Decorations] CAPPING events from decorations provider vscode.git 1376
[2021-04-01 20:52:31.068] [exthost] [warning] [Decorations] CAPPING events from decorations provider vscode.git 1376
[2021-04-01 20:53:25.194] [exthost] [warning] [Decorations] CAPPING events from decorations provider vscode.git 1376
[2021-04-01 20:54:23.916] [exthost] [warning] [Decorations] CAPPING events from decorations provider vscode.git 1376
[2021-04-01 20:54:26.164] [exthost] [warning] [Decorations] CAPPING events from decorations provider vscode.git 1376
[2021-04-01 20:54:31.768] [exthost] [warning] [Decorations] CAPPING events from decorations provider vscode.git 1376
[2021-04-01 20:54:36.866] [exthost] [warning] [Decorations] CAPPING events from decorations provider vscode.git 1376
[2021-04-01 20:57:24.212] [exthost] [warning] [Decorations] CAPPING events from decorations provider vscode.git 1376
[2021-04-01 20:57:26.491] [exthost] [warning] [Decorations] CAPPING events from decorations provider vscode.git 1376
[2021-04-01 20:57:52.651] [exthost] [warning] [Decorations] CAPPING events from decorations provider vscode.git 1376
[2021-04-01 21:00:24.586] [exthost] [warning] [Decorations] CAPPING events from decorations provider vscode.git 1376
[2021-04-01 21:00:27.343] [exthost] [warning] [Decorations] CAPPING events from decorations provider vscode.git 1376
[2021-04-01 21:03:24.869] [exthost] [warning] [Decorations] CAPPING events from decorations provider vscode.git 1376
[2021-04-01 21:03:27.088] [exthost] [warning] [Decorations] CAPPING events from decorations provider vscode.git 1376
[2021-04-01 21:06:25.144] [exthost] [warning] [Decorations] CAPPING events from decorations provider vscode.git 1376
[2021-04-01 21:06:27.427] [exthost] [warning] [Decorations] CAPPING events from decorations provider vscode.git 1376
[2021-04-01 21:09:25.465] [exthost] [warning] [Decorations] CAPPING events from decorations provider vscode.git 1376
[2021-04-01 21:09:27.831] [exthost] [warning] [Decorations] CAPPING events from decorations provider vscode.git 1376
[2021-04-01 21:12:25.762] [exthost] [warning] [Decorations] CAPPING events from decorations provider vscode.git 1376
[2021-04-01 21:12:28.037] [exthost] [warning] [Decorations] CAPPING events from decorations provider vscode.git 1376
[2021-04-01 21:15:26.041] [exthost] [warning] [Decorations] CAPPING events from decorations provider vscode.git 1376
[2021-04-01 21:15:28.329] [exthost] [warning] [Decorations] CAPPING events from decorations provider vscode.git 1376
[2021-04-01 21:18:26.337] [exthost] [warning] [Decorations] CAPPING events from decorations provider vscode.git 1376
[2021-04-01 21:18:28.664] [exthost] [warning] [Decorations] CAPPING events from decorations provider vscode.git 1376
[2021-04-01 21:21:26.647] [exthost] [warning] [Decorations] CAPPING events from decorations provider vscode.git 1376
[2021-04-01 21:21:29.077] [exthost] [warning] [Decorations] CAPPING events from decorations provider vscode.git 1376
[2021-04-01 21:24:26.977] [exthost] [warning] [Decorations] CAPPING events from decorations provider vscode.git 1376
[2021-04-01 21:24:29.290] [exthost] [warning] [Decorations] CAPPING events from decorations provider vscode.git 1376
[2021-04-01 21:27:27.337] [exthost] [warning] [Decorations] CAPPING events from decorations provider vscode.git 1376
[2021-04-01 21:27:29.543] [exthost] [warning] [Decorations] CAPPING events from decorations provider vscode.git 1376
[2021-04-01 21:30:27.606] [exthost] [warning] [Decorations] CAPPING events from decorations provider vscode.git 1376
[2021-04-01 21:32:15.515] [exthost] [warning] [Decorations] CAPPING events from decorations provider vscode.git 1376
[2021-04-01 21:33:27.901] [exthost] [warning] [Decorations] CAPPING events from decorations provider vscode.git 1376
[2021-04-01 21:33:30.111] [exthost] [warning] [Decorations] CAPPING events from decorations provider vscode.git 1376
[2021-04-01 21:35:14.604] [exthost] [warning] [Decorations] CAPPING events from decorations provider vscode.git 1376
[2021-04-01 21:36:28.171] [exthost] [warning] [Decorations] CAPPING events from decorations provider vscode.git 1376
[2021-04-01 21:36:30.396] [exthost] [warning] [Decorations] CAPPING events from decorations provider vscode.git 1376
[2021-04-01 21:39:28.494] [exthost] [warning] [Decorations] CAPPING events from decorations provider vscode.git 1376
[2021-04-01 21:39:30.729] [exthost] [warning] [Decorations] CAPPING events from decorations provider vscode.git 1376
[2021-04-01 21:42:28.758] [exthost] [warning] [Decorations] CAPPING events from decorations provider vscode.git 1376
[2021-04-01 21:42:30.968] [exthost] [warning] [Decorations] CAPPING events from decorations provider vscode.git 1376
[2021-04-01 21:45:29.045] [exthost] [warning] [Decorations] CAPPING events from decorations provider vscode.git 1376
[2021-04-01 21:45:31.234] [exthost] [warning] [Decorations] CAPPING events from decorations provider vscode.git 1376
[2021-04-01 21:48:29.319] [exthost] [warning] [Decorations] CAPPING events from decorations provider vscode.git 1376
[2021-04-01 21:48:31.530] [exthost] [warning] [Decorations] CAPPING events from decorations provider vscode.git 1376
[2021-04-01 21:51:29.598] [exthost] [warning] [Decorations] CAPPING events from decorations provider vscode.git 1376
[2021-04-01 21:51:31.831] [exthost] [warning] [Decorations] CAPPING events from decorations provider vscode.git 1376
[2021-04-01 21:54:29.874] [exthost] [warning] [Decorations] CAPPING events from decorations provider vscode.git 1376
[2021-04-01 21:54:32.086] [exthost] [warning] [Decorations] CAPPING events from decorations provider vscode.git 1376
[2021-04-01 22:10:32.299] [exthost] [warning] [Decorations] CAPPING events from decorations provider vscode.git 1376
[2021-04-01 22:10:34.624] [exthost] [warning] [Decorations] CAPPING events from decorations provider vscode.git 1376
[2021-04-01 22:13:32.595] [exthost] [warning] [Decorations] CAPPING events from decorations provider vscode.git 1376
[2021-04-01 22:13:34.817] [exthost] [warning] [Decorations] CAPPING events from decorations provider vscode.git 1376
